JogoDagua/Library/Bee/Android/Prj/Mono2x/Gradle/launcher/build/intermediates/manifest_merge_blame_file/debug/manifest-merger-blame-debug-report.txt
1<?xml version="1.0" encoding="utf-8"?>
2<manifest xmlns:android="http://schemas.android.com/apk/res/android"
3    package="com.furg.jogoagua"
4    android:installLocation="preferExternal"
5    android:versionCode="1"
6    android:versionName="0.1" >
7
8    <uses-sdk
9        android:minSdkVersion="28"
9-->src\main\AndroidManifest.xml
10        android:targetSdkVersion="30" />
10-->src\main\AndroidManifest.xml
11
12    <supports-screens
12-->src\main\AndroidManifest.xml:3:3-163
13        android:anyDensity="true"
13-->src\main\AndroidManifest.xml:3:135-160
14        android:largeScreens="true"
14-->src\main\AndroidManifest.xml:3:78-105
15        android:normalScreens="true"
15-->src\main\AndroidManifest.xml:3:49-77
16        android:smallScreens="true"
16-->src\main\AndroidManifest.xml:3:21-48
17        android:xlargeScreens="true" />
17-->src\main\AndroidManifest.xml:3:106-134
18
19    <uses-feature android:glEsVersion="0x00020000" />
19-->[:unityLibrary] AndroidManifest.xml:20:5-54
19-->[:unityLibrary] AndroidManifest.xml:20:19-51
20
21    <uses-permission android:name="android.permission.INTERNET" />
21-->[:unityLibrary] AndroidManifest.xml:22:5-67
21-->[:unityLibrary] AndroidManifest.xml:22:22-64
22    <uses-permission android:name="android.permission.ACCESS_NETWORK_STATE" />
22-->[:unityLibrary] AndroidManifest.xml:23:5-79
22-->[:unityLibrary] AndroidManifest.xml:23:22-76
23
24    <uses-feature
24-->[:unityLibrary] AndroidManifest.xml:25:5-27:36
25        android:name="android.hardware.touchscreen"
25-->[:unityLibrary] AndroidManifest.xml:26:9-52
26        android:required="false" />
26-->[:unityLibrary] AndroidManifest.xml:27:9-33
27    <uses-feature
27-->[:unityLibrary] AndroidManifest.xml:28:5-30:36
28        android:name="android.hardware.touchscreen.multitouch"
28-->[:unityLibrary] AndroidManifest.xml:29:9-63
29        android:required="false" />
29-->[:unityLibrary] AndroidManifest.xml:30:9-33
30    <uses-feature
30-->[:unityLibrary] AndroidManifest.xml:31:5-33:36
31        android:name="android.hardware.touchscreen.multitouch.distinct"
31-->[:unityLibrary] AndroidManifest.xml:32:9-72
32        android:required="false" />
32-->[:unityLibrary] AndroidManifest.xml:33:9-33
33
34    <uses-permission android:name="com.android.vending.BILLING" />
34-->[:billing-5.1.0:] AndroidManifest.xml:10:5-67
34-->[:billing-5.1.0:] AndroidManifest.xml:10:22-64
35    <!--
36    This has been added to conform with requirement from Android 11 (API level 30) onwards
37    (http://screen/9iGdBMRWDmVbRJ6), after getting confirmation in http://yaqs/995038231927980032#a1
38    -->
39    <queries>
39-->[:billing-5.1.0:] AndroidManifest.xml:16:5-20:15
40        <intent>
40-->[:billing-5.1.0:] AndroidManifest.xml:17:9-19:18
41            <action android:name="com.android.vending.billing.InAppBillingService.BIND" />
41-->[:billing-5.1.0:] AndroidManifest.xml:18:13-91
41-->[:billing-5.1.0:] AndroidManifest.xml:18:21-88
42        </intent>
43    </queries>
44
45    <uses-permission android:name="com.google.android.gms.permission.AD_ID" />
45-->[:UnityAds:] AndroidManifest.xml:11:5-79
45-->[:UnityAds:] AndroidManifest.xml:11:22-76
46
47    <application
47-->src\main\AndroidManifest.xml:4:3-121
48        android:banner="@drawable/app_banner"
48-->src\main\AndroidManifest.xml:4:81-118
49        android:debuggable="true"
50        android:extractNativeLibs="true"
50-->[:unityLibrary] AndroidManifest.xml:36:9-41
51        android:icon="@mipmap/app_icon"
51-->src\main\AndroidManifest.xml:4:49-80
52        android:isGame="true"
52-->[:unityLibrary] AndroidManifest.xml:38:9-30
53        android:label="@string/app_name"
53-->src\main\AndroidManifest.xml:4:16-48
54        android:theme="@style/UnityThemeSelector"
54-->[:unityLibrary] AndroidManifest.xml:40:9-50
55        android:usesCleartextTraffic="true" >
55-->[:unityLibrary] AndroidManifest.xml:41:9-44
56        <activity
56-->[:unityLibrary] AndroidManifest.xml:42:9-63:20
57            android:name="com.unity3d.player.UnityPlayerActivity"
57-->[:unityLibrary] AndroidManifest.xml:43:13-66
58            android:configChanges="mcc|mnc|locale|touchscreen|keyboard|keyboardHidden|navigation|orientation|screenLayout|uiMode|screenSize|smallestScreenSize|fontScale|layoutDirection|density"
58-->[:unityLibrary] AndroidManifest.xml:44:13-194
59            android:hardwareAccelerated="false"
59-->[:unityLibrary] AndroidManifest.xml:45:13-48
60            android:label="@string/app_name"
60-->[:unityLibrary] AndroidManifest.xml:46:13-45
61            android:launchMode="singleTask"
61-->[:unityLibrary] AndroidManifest.xml:47:13-44
62            android:resizeableActivity="false"
62-->[:unityLibrary] AndroidManifest.xml:48:13-47
63            android:screenOrientation="userLandscape" >
63-->[:unityLibrary] AndroidManifest.xml:49:13-54
64            <intent-filter>
64-->[:unityLibrary] AndroidManifest.xml:50:13-55:29
65                <action android:name="android.intent.action.MAIN" />
65-->[:unityLibrary] AndroidManifest.xml:51:17-69
65-->[:unityLibrary] AndroidManifest.xml:51:25-66
66
67                <category android:name="android.intent.category.LAUNCHER" />
67-->[:unityLibrary] AndroidManifest.xml:53:17-77
67-->[:unityLibrary] AndroidManifest.xml:53:27-74
68                <category android:name="android.intent.category.LEANBACK_LAUNCHER" />
68-->[:unityLibrary] AndroidManifest.xml:54:17-86
68-->[:unityLibrary] AndroidManifest.xml:54:27-83
69            </intent-filter>
70
71            <meta-data
71-->[:unityLibrary] AndroidManifest.xml:57:13-59:40
72                android:name="unityplayer.UnityActivity"
72-->[:unityLibrary] AndroidManifest.xml:58:17-57
73                android:value="true" />
73-->[:unityLibrary] AndroidManifest.xml:59:17-37
74            <meta-data
74-->[:unityLibrary] AndroidManifest.xml:60:13-62:40
75                android:name="android.notch_support"
75-->[:unityLibrary] AndroidManifest.xml:61:17-53
76                android:value="true" />
76-->[:unityLibrary] AndroidManifest.xml:62:17-37
77        </activity>
78
79        <meta-data
79-->[:unityLibrary] AndroidManifest.xml:65:9-67:33
80            android:name="unity.splash-mode"
80-->[:unityLibrary] AndroidManifest.xml:66:13-45
81            android:value="0" />
81-->[:unityLibrary] AndroidManifest.xml:67:13-30
82        <meta-data
82-->[:unityLibrary] AndroidManifest.xml:68:9-70:36
83            android:name="unity.splash-enable"
83-->[:unityLibrary] AndroidManifest.xml:69:13-47
84            android:value="True" />
84-->[:unityLibrary] AndroidManifest.xml:70:13-33
85        <meta-data
85-->[:unityLibrary] AndroidManifest.xml:71:9-73:36
86            android:name="unity.launch-fullscreen"
86-->[:unityLibrary] AndroidManifest.xml:72:13-51
87            android:value="True" />
87-->[:unityLibrary] AndroidManifest.xml:73:13-33
88        <meta-data
88-->[:unityLibrary] AndroidManifest.xml:74:9-76:37
89            android:name="unity.allow-resizable-window"
89-->[:unityLibrary] AndroidManifest.xml:75:13-56
90            android:value="False" />
90-->[:unityLibrary] AndroidManifest.xml:76:13-34
91        <meta-data
91-->[:unityLibrary] AndroidManifest.xml:77:9-79:50
92            android:name="notch.config"
92-->[:unityLibrary] AndroidManifest.xml:78:13-40
93            android:value="portrait|landscape" />
93-->[:unityLibrary] AndroidManifest.xml:79:13-47
94        <meta-data
94-->[:unityLibrary] AndroidManifest.xml:80:9-82:36
95            android:name="unity.auto-report-fully-drawn"
95-->[:unityLibrary] AndroidManifest.xml:81:13-57
96            android:value="true" />
96-->[:unityLibrary] AndroidManifest.xml:82:13-33
97        <meta-data
97-->[:billing-5.1.0:] AndroidManifest.xml:23:9-25:37
98            android:name="com.google.android.play.billingclient.version"
98-->[:billing-5.1.0:] AndroidManifest.xml:24:13-73
99            android:value="5.1.0" />
99-->[:billing-5.1.0:] AndroidManifest.xml:25:13-34
100
101        <activity
101-->[:billing-5.1.0:] AndroidManifest.xml:27:9-31:75
102            android:name="com.android.billingclient.api.ProxyBillingActivity"
102-->[:billing-5.1.0:] AndroidManifest.xml:28:13-78
103            android:configChanges="keyboard|keyboardHidden|screenLayout|screenSize|orientation"
103-->[:billing-5.1.0:] AndroidManifest.xml:29:13-96
104            android:exported="false"
104-->[:billing-5.1.0:] AndroidManifest.xml:30:13-37
105            android:theme="@android:style/Theme.Translucent.NoTitleBar" />
105-->[:billing-5.1.0:] AndroidManifest.xml:31:13-72
106        <activity
106-->[:UnityAds:] AndroidManifest.xml:14:9-18:74
107            android:name="com.unity3d.services.ads.adunit.AdUnitActivity"
107-->[:UnityAds:] AndroidManifest.xml:15:13-74
108            android:configChanges="fontScale|keyboard|keyboardHidden|locale|mnc|mcc|navigation|orientation|screenLayout|screenSize|smallestScreenSize|uiMode|touchscreen"
108-->[:UnityAds:] AndroidManifest.xml:16:13-170
109            android:hardwareAccelerated="true"
109-->[:UnityAds:] AndroidManifest.xml:17:13-47
110            android:theme="@android:style/Theme.NoTitleBar.Fullscreen" />
110-->[:UnityAds:] AndroidManifest.xml:18:13-71
111        <activity
111-->[:UnityAds:] AndroidManifest.xml:19:9-23:86
112            android:name="com.unity3d.services.ads.adunit.AdUnitTransparentActivity"
112-->[:UnityAds:] AndroidManifest.xml:20:13-85
113            android:configChanges="fontScale|keyboard|keyboardHidden|locale|mnc|mcc|navigation|orientation|screenLayout|screenSize|smallestScreenSize|uiMode|touchscreen"
113-->[:UnityAds:] AndroidManifest.xml:21:13-170
114            android:hardwareAccelerated="true"
114-->[:UnityAds:] AndroidManifest.xml:22:13-47
115            android:theme="@android:style/Theme.Translucent.NoTitleBar.Fullscreen" />
115-->[:UnityAds:] AndroidManifest.xml:23:13-83
116        <activity
116-->[:UnityAds:] AndroidManifest.xml:24:9-28:86
117            android:name="com.unity3d.services.ads.adunit.AdUnitTransparentSoftwareActivity"
117-->[:UnityAds:] AndroidManifest.xml:25:13-93
118            android:configChanges="fontScale|keyboard|keyboardHidden|locale|mnc|mcc|navigation|orientation|screenLayout|screenSize|smallestScreenSize|uiMode|touchscreen"
118-->[:UnityAds:] AndroidManifest.xml:26:13-170
119            android:hardwareAccelerated="false"
119-->[:UnityAds:] AndroidManifest.xml:27:13-48
120            android:theme="@android:style/Theme.Translucent.NoTitleBar.Fullscreen" />
120-->[:UnityAds:] AndroidManifest.xml:28:13-83
121        <activity
121-->[:UnityAds:] AndroidManifest.xml:29:9-33:74
122            android:name="com.unity3d.services.ads.adunit.AdUnitSoftwareActivity"
122-->[:UnityAds:] AndroidManifest.xml:30:13-82
123            android:configChanges="fontScale|keyboard|keyboardHidden|locale|mnc|mcc|navigation|orientation|screenLayout|screenSize|smallestScreenSize|uiMode|touchscreen"
123-->[:UnityAds:] AndroidManifest.xml:31:13-170
124            android:hardwareAccelerated="false"
124-->[:UnityAds:] AndroidManifest.xml:32:13-48
125            android:theme="@android:style/Theme.NoTitleBar.Fullscreen" />
125-->[:UnityAds:] AndroidManifest.xml:33:13-71
126    </application>
127
128</manifest>